# JRE version: OpenJDK Runtime Environment (8.0_72-b15) (build 1.8.0_72-internal-b15)
# Java VM: OpenJDK Server VM (25.72-b15 mixed mode linux-x86 )
Heap:
 PSYoungGen      total 91392K, used 51322K [0x96e00000, 0x9f880000, 0xa6e00000)
  eden space 72960K, 45% used [0x96e00000,0x98e1fe48,0x9b540000)
  from space 18432K, 99% used [0x9b540000,0x9c73eda8,0x9c740000)
  to   space 23040K, 0% used [0x9e200000,0x9e200000,0x9f880000)
 ParOldGen       total 81408K, used 40536K [0x76e00000, 0x7bd80000, 0x96e00000)
  object space 81408K, 49% used [0x76e00000,0x79596130,0x7bd80000)
 Metaspace       used 31111K, capacity 31187K, committed 31232K, reserved 32048K
GC Heap History (10 events):
Event: 8.949 GC heap before
{Heap before GC invocations=11 (full 1):
 PSYoungGen      total 68096K, used 68033K [0x96e00000, 0x9b980000, 0xa6e00000)
  eden space 62464K, 100% used [0x96e00000,0x9ab00000,0x9ab00000)
  from space 5632K, 98% used [0x9adc0000,0x9b3307b8,0x9b340000)
  to   space 6400K, 0% used [0x9b340000,0x9b340000,0x9b980000)
 ParOldGen       total 35584K, used 6563K [0x76e00000, 0x790c0000, 0x96e00000)
  object space 35584K, 18% used [0x76e00000,0x77468e60,0x790c0000)
 Metaspace       used 25495K, capacity 25559K, committed 25600K, reserved 25904K
Event: 8.965 GC heap after
Heap after GC invocations=11 (full 1):
 PSYoungGen      total 69376K, used 6392K [0x96e00000, 0x9ca00000, 0xa6e00000)
  eden space 62976K, 0% used [0x96e00000,0x96e00000,0x9ab80000)
  from space 6400K, 99% used [0x9b340000,0x9b97e038,0x9b980000)
  to   space 7936K, 0% used [0x9ab80000,0x9ab80000,0x9b340000)
 ParOldGen       total 35584K, used 7036K [0x76e00000, 0x790c0000, 0x96e00000)
  object space 35584K, 19% used [0x76e00000,0x774df350,0x790c0000)
 Metaspace       used 25495K, capacity 25559K, committed 25600K, reserved 25904K
}
Event: 9.857 GC heap before
{Heap before GC invocations=12 (full 1):
 PSYoungGen      total 69376K, used 69368K [0x96e00000, 0x9ca00000, 0xa6e00000)
  eden space 62976K, 100% used [0x96e00000,0x9ab80000,0x9ab80000)
  from space 6400K, 99% used [0x9b340000,0x9b97e038,0x9b980000)
  to   space 7936K, 0% used [0x9ab80000,0x9ab80000,0x9b340000)
 ParOldGen       total 35584K, used 7036K [0x76e00000, 0x790c0000, 0x96e00000)
  object space 35584K, 19% used [0x76e00000,0x774df350,0x790c0000)
 Metaspace       used 26243K, capacity 26327K, committed 26368K, reserved 26928K
Event: 9.879 GC heap after
Heap after GC invocations=12 (full 1):
 PSYoungGen      total 70912K, used 7935K [0x96e00000, 0x9d200000, 0xa6e00000)
  eden space 62976K, 0% used [0x96e00000,0x96e00000,0x9ab80000)
  from space 7936K, 99% used [0x9ab80000,0x9b33fe50,0x9b340000)
  to   space 11008K, 0% used [0x9c740000,0x9c740000,0x9d200000)
 ParOldGen       total 35584K, used 13373K [0x76e00000, 0x790c0000, 0x96e00000)
  object space 35584K, 37% used [0x76e00000,0x77b0f638,0x790c0000)
 Metaspace       used 26243K, capacity 26327K, committed 26368K, reserved 26928K
}
Event: 10.532 GC heap before
{Heap before GC invocations=13 (full 1):
 PSYoungGen      total 70912K, used 45251K [0x96e00000, 0x9d200000, 0xa6e00000)
  eden space 62976K, 59% used [0x96e00000,0x992710f0,0x9ab80000)
  from space 7936K, 99% used [0x9ab80000,0x9b33fe50,0x9b340000)
  to   space 11008K, 0% used [0x9c740000,0x9c740000,0x9d200000)
 ParOldGen       total 35584K, used 13373K [0x76e00000, 0x790c0000, 0x96e00000)
  object space 35584K, 37% used [0x76e00000,0x77b0f638,0x790c0000)
 Metaspace       used 27189K, capacity 27287K, committed 27308K, reserved 27952K
Event: 10.615 GC heap after
Heap after GC invocations=13 (full 1):
 PSYoungGen      total 83968K, used 11000K [0x96e00000, 0x9e840000, 0xa6e00000)
  eden space 72960K, 0% used [0x96e00000,0x96e00000,0x9b540000)
  from space 11008K, 99% used [0x9c740000,0x9d1fe138,0x9d200000)
  to   space 18432K, 0% used [0x9b540000,0x9b540000,0x9c740000)
 ParOldGen       total 35584K, used 29662K [0x76e00000, 0x790c0000, 0x96e00000)
  object space 35584K, 83% used [0x76e00000,0x78af7bd8,0x790c0000)
 Metaspace       used 27189K, capacity 27287K, committed 27308K, reserved 27952K
}
Event: 10.615 GC heap before
{Heap before GC invocations=14 (full 2):
 PSYoungGen      total 83968K, used 11000K [0x96e00000, 0x9e840000, 0xa6e00000)
  eden space 72960K, 0% used [0x96e00000,0x96e00000,0x9b540000)
  from space 11008K, 99% used [0x9c740000,0x9d1fe138,0x9d200000)
  to   space 18432K, 0% used [0x9b540000,0x9b540000,0x9c740000)
 ParOldGen       total 35584K, used 29662K [0x76e00000, 0x790c0000, 0x96e00000)
  object space 35584K, 83% used [0x76e00000,0x78af7bd8,0x790c0000)
 Metaspace       used 27189K, capacity 27287K, committed 27308K, reserved 27952K
Event: 10.872 GC heap after
Heap after GC invocations=14 (full 2):
 PSYoungGen      total 83968K, used 502K [0x96e00000, 0x9e840000, 0xa6e00000)
  eden space 72960K, 0% used [0x96e00000,0x96e00000,0x9b540000)
  from space 11008K, 4% used [0x9c740000,0x9c7bdbc0,0x9d200000)
  to   space 18432K, 0% used [0x9b540000,0x9b540000,0x9c740000)
 ParOldGen       total 81408K, used 35331K [0x76e00000, 0x7bd80000, 0x96e00000)
  object space 81408K, 43% used [0x76e00000,0x79080e78,0x7bd80000)
 Metaspace       used 27159K, capacity 27243K, committed 27308K, reserved 27952K
}
Event: 14.140 GC heap before
{Heap before GC invocations=15 (full 2):
 PSYoungGen      total 83968K, used 73462K [0x96e00000, 0x9e840000, 0xa6e00000)
  eden space 72960K, 100% used [0x96e00000,0x9b540000,0x9b540000)
  from space 11008K, 4% used [0x9c740000,0x9c7bdbc0,0x9d200000)
  to   space 18432K, 0% used [0x9b540000,0x9b540000,0x9c740000)
 ParOldGen       total 81408K, used 35331K [0x76e00000, 0x7bd80000, 0x96e00000)
  object space 81408K, 43% used [0x76e00000,0x79080e78,0x7bd80000)
 Metaspace       used 31065K, capacity 31121K, committed 31232K, reserved 32048K
Event: 14.164 GC heap after
Heap after GC invocations=15 (full 2):
 PSYoungGen      total 91392K, used 18427K [0x96e00000, 0x9f880000, 0xa6e00000)
  eden space 72960K, 0% used [0x96e00000,0x96e00000,0x9b540000)
  from space 18432K, 99% used [0x9b540000,0x9c73eda8,0x9c740000)
  to   space 23040K, 0% used [0x9e200000,0x9e200000,0x9f880000)
 ParOldGen       total 81408K, used 40536K [0x76e00000, 0x7bd80000, 0x96e00000)
  object space 81408K, 49% used [0x76e00000,0x79596130,0x7bd80000)
 Metaspace       used 31065K, capacity 31121K, committed 31232K, reserved 32048K
}

